Compiling the C compiler identification source file "CMakeCCompilerId.c" failed.
Compiler: /Applications/Xcode.app/Contents/Developer/Toolchains/XcodeDefault.xctoolchain/usr/bin/cc 
Build flags: 
Id flags:  

The output was:
1
ld: library not found for -lSystem
clang: error: linker command failed with exit code 1 (use -v to see invocation)


Compiling the CXX compiler identification source file "CMakeCXXCompilerId.cpp" failed.
Compiler: /Applications/Xcode.app/Contents/Developer/Toolchains/XcodeDefault.xctoolchain/usr/bin/c++ 
Build flags: 
Id flags:  

The output was:
1
ld: library not found for -lc++
clang: error: linker command failed with exit code 1 (use -v to see invocation)


Determining if the function connect exists in the socket;-framework SystemConfiguration failed with the following output:
Change Dir: /Users/f/Desktop/b/server_c/CMakeFiles/CMakeTmp

Run Build Command(s):/usr/bin/make -f Makefile cmTC_8c9d0/fast && /Applications/Xcode.app/Contents/Developer/usr/bin/make  -f CMakeFiles/cmTC_8c9d0.dir/build.make CMakeFiles/cmTC_8c9d0.dir/build
Building C object CMakeFiles/cmTC_8c9d0.dir/CheckFunctionExists.c.o
/Applications/Xcode.app/Contents/Developer/Toolchains/XcodeDefault.xctoolchain/usr/bin/cc   -DCHECK_FUNCTION_EXISTS=connect -arch arm64 -isysroot /Applications/Xcode.app/Contents/Developer/Platforms/MacOSX.platform/Developer/SDKs/MacOSX12.3.sdk -mmacosx-version-min=12.0 -MD -MT CMakeFiles/cmTC_8c9d0.dir/CheckFunctionExists.c.o -MF CMakeFiles/cmTC_8c9d0.dir/CheckFunctionExists.c.o.d -o CMakeFiles/cmTC_8c9d0.dir/CheckFunctionExists.c.o -c /opt/homebrew/Cellar/cmake/3.23.2/share/cmake/Modules/CheckFunctionExists.c
Linking C executable cmTC_8c9d0
/opt/homebrew/Cellar/cmake/3.23.2/bin/cmake -E cmake_link_script CMakeFiles/cmTC_8c9d0.dir/link.txt --verbose=1
/Applications/Xcode.app/Contents/Developer/Toolchains/XcodeDefault.xctoolchain/usr/bin/cc  -DCHECK_FUNCTION_EXISTS=connect -arch arm64 -isysroot /Applications/Xcode.app/Contents/Developer/Platforms/MacOSX.platform/Developer/SDKs/MacOSX12.3.sdk -mmacosx-version-min=12.0 -Wl,-search_paths_first -Wl,-headerpad_max_install_names CMakeFiles/cmTC_8c9d0.dir/CheckFunctionExists.c.o -o cmTC_8c9d0  -lsocket -framework SystemConfiguration 
ld: library not found for -lsocket
clang: error: linker command failed with exit code 1 (use -v to see invocation)
make[1]: *** [cmTC_8c9d0] Error 1
make: *** [cmTC_8c9d0/fast] Error 2



Determining if the RAND_status exist failed with the following output:
Change Dir: /Users/f/Desktop/b/server_c/CMakeFiles/CMakeTmp

Run Build Command(s):/usr/bin/make -f Makefile cmTC_aaffe/fast && /Applications/Xcode.app/Contents/Developer/usr/bin/make  -f CMakeFiles/cmTC_aaffe.dir/build.make CMakeFiles/cmTC_aaffe.dir/build
Building C object CMakeFiles/cmTC_aaffe.dir/CheckSymbolExists.c.o
/Applications/Xcode.app/Contents/Developer/Toolchains/XcodeDefault.xctoolchain/usr/bin/cc  -I/opt/local/libexec/openssl3/include -arch arm64 -isysroot /Applications/Xcode.app/Contents/Developer/Platforms/MacOSX.platform/Developer/SDKs/MacOSX12.3.sdk -mmacosx-version-min=12.0 -MD -MT CMakeFiles/cmTC_aaffe.dir/CheckSymbolExists.c.o -MF CMakeFiles/cmTC_aaffe.dir/CheckSymbolExists.c.o.d -o CMakeFiles/cmTC_aaffe.dir/CheckSymbolExists.c.o -c /Users/f/Desktop/b/server_c/CMakeFiles/CMakeTmp/CheckSymbolExists.c
/Users/f/Desktop/b/server_c/CMakeFiles/CMakeTmp/CheckSymbolExists.c:7:19: error: use of undeclared identifier 'RAND_status'
  return ((int*)(&RAND_status))[argc];
                  ^
1 error generated.
make[1]: *** [CMakeFiles/cmTC_aaffe.dir/CheckSymbolExists.c.o] Error 1
make: *** [cmTC_aaffe/fast] Error 2


File /Users/f/Desktop/b/server_c/CMakeFiles/CMakeTmp/CheckSymbolExists.c:
/* */

int main(int argc, char** argv)
{
  (void)argv;
#ifndef RAND_status
  return ((int*)(&RAND_status))[argc];
#else
  (void)argc;
  return 0;
#endif
}
Determining if the RAND_screen exist failed with the following output:
Change Dir: /Users/f/Desktop/b/server_c/CMakeFiles/CMakeTmp

Run Build Command(s):/usr/bin/make -f Makefile cmTC_eeaca/fast && /Applications/Xcode.app/Contents/Developer/usr/bin/make  -f CMakeFiles/cmTC_eeaca.dir/build.make CMakeFiles/cmTC_eeaca.dir/build
Building C object CMakeFiles/cmTC_eeaca.dir/CheckSymbolExists.c.o
/Applications/Xcode.app/Contents/Developer/Toolchains/XcodeDefault.xctoolchain/usr/bin/cc  -I/opt/local/libexec/openssl3/include -arch arm64 -isysroot /Applications/Xcode.app/Contents/Developer/Platforms/MacOSX.platform/Developer/SDKs/MacOSX12.3.sdk -mmacosx-version-min=12.0 -MD -MT CMakeFiles/cmTC_eeaca.dir/CheckSymbolExists.c.o -MF CMakeFiles/cmTC_eeaca.dir/CheckSymbolExists.c.o.d -o CMakeFiles/cmTC_eeaca.dir/CheckSymbolExists.c.o -c /Users/f/Desktop/b/server_c/CMakeFiles/CMakeTmp/CheckSymbolExists.c
/Users/f/Desktop/b/server_c/CMakeFiles/CMakeTmp/CheckSymbolExists.c:7:19: error: use of undeclared identifier 'RAND_screen'
  return ((int*)(&RAND_screen))[argc];
                  ^
1 error generated.
make[1]: *** [CMakeFiles/cmTC_eeaca.dir/CheckSymbolExists.c.o] Error 1
make: *** [cmTC_eeaca/fast] Error 2


File /Users/f/Desktop/b/server_c/CMakeFiles/CMakeTmp/CheckSymbolExists.c:
/* */

int main(int argc, char** argv)
{
  (void)argv;
#ifndef RAND_screen
  return ((int*)(&RAND_screen))[argc];
#else
  (void)argc;
  return 0;
#endif
}
Determining if the RAND_egd exist failed with the following output:
Change Dir: /Users/f/Desktop/b/server_c/CMakeFiles/CMakeTmp

Run Build Command(s):/usr/bin/make -f Makefile cmTC_608ca/fast && /Applications/Xcode.app/Contents/Developer/usr/bin/make  -f CMakeFiles/cmTC_608ca.dir/build.make CMakeFiles/cmTC_608ca.dir/build
Building C object CMakeFiles/cmTC_608ca.dir/CheckSymbolExists.c.o
/Applications/Xcode.app/Contents/Developer/Toolchains/XcodeDefault.xctoolchain/usr/bin/cc  -I/opt/local/libexec/openssl3/include -arch arm64 -isysroot /Applications/Xcode.app/Contents/Developer/Platforms/MacOSX.platform/Developer/SDKs/MacOSX12.3.sdk -mmacosx-version-min=12.0 -MD -MT CMakeFiles/cmTC_608ca.dir/CheckSymbolExists.c.o -MF CMakeFiles/cmTC_608ca.dir/CheckSymbolExists.c.o.d -o CMakeFiles/cmTC_608ca.dir/CheckSymbolExists.c.o -c /Users/f/Desktop/b/server_c/CMakeFiles/CMakeTmp/CheckSymbolExists.c
/Users/f/Desktop/b/server_c/CMakeFiles/CMakeTmp/CheckSymbolExists.c:7:19: error: use of undeclared identifier 'RAND_egd'
  return ((int*)(&RAND_egd))[argc];
                  ^
1 error generated.
make[1]: *** [CMakeFiles/cmTC_608ca.dir/CheckSymbolExists.c.o] Error 1
make: *** [cmTC_608ca/fast] Error 2


File /Users/f/Desktop/b/server_c/CMakeFiles/CMakeTmp/CheckSymbolExists.c:
/* */

int main(int argc, char** argv)
{
  (void)argv;
#ifndef RAND_egd
  return ((int*)(&RAND_egd))[argc];
#else
  (void)argc;
  return 0;
#endif
}
Determining if files ldap.h;lber.h;ldap_ssl.h exist failed with the following output:
Change Dir: /Users/f/Desktop/b/server_c/CMakeFiles/CMakeTmp

Run Build Command(s):/usr/bin/make -f Makefile cmTC_6e547/fast && /Applications/Xcode.app/Contents/Developer/usr/bin/make  -f CMakeFiles/cmTC_6e547.dir/build.make CMakeFiles/cmTC_6e547.dir/build
Building C object CMakeFiles/cmTC_6e547.dir/HAVE_LDAP_SSL_H.c.o
/Applications/Xcode.app/Contents/Developer/Toolchains/XcodeDefault.xctoolchain/usr/bin/cc  -I/opt/local/libexec/openssl3/include -arch arm64 -isysroot /Applications/Xcode.app/Contents/Developer/Platforms/MacOSX.platform/Developer/SDKs/MacOSX12.3.sdk -mmacosx-version-min=12.0    -DLDAP_DEPRECATED=1 -MD -MT CMakeFiles/cmTC_6e547.dir/HAVE_LDAP_SSL_H.c.o -MF CMakeFiles/cmTC_6e547.dir/HAVE_LDAP_SSL_H.c.o.d -o CMakeFiles/cmTC_6e547.dir/HAVE_LDAP_SSL_H.c.o -c /Users/f/Desktop/b/server_c/CMakeFiles/CheckIncludeFiles/HAVE_LDAP_SSL_H.c
/Users/f/Desktop/b/server_c/CMakeFiles/CheckIncludeFiles/HAVE_LDAP_SSL_H.c:4:10: fatal error: 'ldap_ssl.h' file not found
#include <ldap_ssl.h>
         ^~~~~~~~~~~~
1 error generated.
make[1]: *** [CMakeFiles/cmTC_6e547.dir/HAVE_LDAP_SSL_H.c.o] Error 1
make: *** [cmTC_6e547/fast] Error 2


Source:
/* */
#include <ldap.h>
#include <lber.h>
#include <ldap_ssl.h>


int main(void){return 0;}

Determining if files ldap.h;lber.h;ldapssl.h exist failed with the following output:
Change Dir: /Users/f/Desktop/b/server_c/CMakeFiles/CMakeTmp

Run Build Command(s):/usr/bin/make -f Makefile cmTC_bc010/fast && /Applications/Xcode.app/Contents/Developer/usr/bin/make  -f CMakeFiles/cmTC_bc010.dir/build.make CMakeFiles/cmTC_bc010.dir/build
Building C object CMakeFiles/cmTC_bc010.dir/HAVE_LDAPSSL_H.c.o
/Applications/Xcode.app/Contents/Developer/Toolchains/XcodeDefault.xctoolchain/usr/bin/cc  -I/opt/local/libexec/openssl3/include -arch arm64 -isysroot /Applications/Xcode.app/Contents/Developer/Platforms/MacOSX.platform/Developer/SDKs/MacOSX12.3.sdk -mmacosx-version-min=12.0    -DLDAP_DEPRECATED=1 -MD -MT CMakeFiles/cmTC_bc010.dir/HAVE_LDAPSSL_H.c.o -MF CMakeFiles/cmTC_bc010.dir/HAVE_LDAPSSL_H.c.o.d -o CMakeFiles/cmTC_bc010.dir/HAVE_LDAPSSL_H.c.o -c /Users/f/Desktop/b/server_c/CMakeFiles/CheckIncludeFiles/HAVE_LDAPSSL_H.c
/Users/f/Desktop/b/server_c/CMakeFiles/CheckIncludeFiles/HAVE_LDAPSSL_H.c:4:10: fatal error: 'ldapssl.h' file not found
#include <ldapssl.h>
         ^~~~~~~~~~~
1 error generated.
make[1]: *** [CMakeFiles/cmTC_bc010.dir/HAVE_LDAPSSL_H.c.o] Error 1
make: *** [cmTC_bc010/fast] Error 2


Source:
/* */
#include <ldap.h>
#include <lber.h>
#include <ldapssl.h>


int main(void){return 0;}

Determining if the function idn2_lookup_ul exists in the idn2;lber;ldap;-framework SystemConfiguration;-framework CoreFoundation;OpenSSL::SSL;OpenSSL::Crypto failed with the following output:
Change Dir: /Users/f/Desktop/b/server_c/CMakeFiles/CMakeTmp

Run Build Command(s):/usr/bin/make -f Makefile cmTC_91f3b/fast && /Applications/Xcode.app/Contents/Developer/usr/bin/make  -f CMakeFiles/cmTC_91f3b.dir/build.make CMakeFiles/cmTC_91f3b.dir/build
Building C object CMakeFiles/cmTC_91f3b.dir/CheckFunctionExists.c.o
/Applications/Xcode.app/Contents/Developer/Toolchains/XcodeDefault.xctoolchain/usr/bin/cc  -isystem /opt/local/libexec/openssl3/include -DCHECK_FUNCTION_EXISTS=idn2_lookup_ul -arch arm64 -isysroot /Applications/Xcode.app/Contents/Developer/Platforms/MacOSX.platform/Developer/SDKs/MacOSX12.3.sdk -mmacosx-version-min=12.0    -DLDAP_DEPRECATED=1 -MD -MT CMakeFiles/cmTC_91f3b.dir/CheckFunctionExists.c.o -MF CMakeFiles/cmTC_91f3b.dir/CheckFunctionExists.c.o.d -o CMakeFiles/cmTC_91f3b.dir/CheckFunctionExists.c.o -c /opt/homebrew/Cellar/cmake/3.23.2/share/cmake/Modules/CheckFunctionExists.c
Linking C executable cmTC_91f3b
/opt/homebrew/Cellar/cmake/3.23.2/bin/cmake -E cmake_link_script CMakeFiles/cmTC_91f3b.dir/link.txt --verbose=1
/Applications/Xcode.app/Contents/Developer/Toolchains/XcodeDefault.xctoolchain/usr/bin/cc  -DCHECK_FUNCTION_EXISTS=idn2_lookup_ul -arch arm64 -isysroot /Applications/Xcode.app/Contents/Developer/Platforms/MacOSX.platform/Developer/SDKs/MacOSX12.3.sdk -mmacosx-version-min=12.0 -Wl,-search_paths_first -Wl,-headerpad_max_install_names CMakeFiles/cmTC_91f3b.dir/CheckFunctionExists.c.o -o cmTC_91f3b  -lidn2 -llber -lldap -framework SystemConfiguration -framework CoreFoundation /opt/local/libexec/openssl3/lib/libssl.dylib /opt/local/libexec/openssl3/lib/libcrypto.dylib 
ld: library not found for -lidn2
clang: error: linker command failed with exit code 1 (use -v to see invocation)
make[1]: *** [cmTC_91f3b] Error 1
make: *** [cmTC_91f3b/fast] Error 2



Determining if files ldap.h;lber.h;/opt/local/include/libpsl.h;/opt/homebrew/include/libssh2.h;stdio.h;inttypes.h;sys/filio.h;sys/ioctl.h;sys/param.h;sys/poll.h;sys/resource.h;sys/select.h;sys/socket.h;sys/sockio.h;sys/stat.h;sys/time.h;sys/types.h;sys/uio.h;sys/un.h;sys/utime.h exist failed with the following output:
Change Dir: /Users/f/Desktop/b/server_c/CMakeFiles/CMakeTmp

Run Build Command(s):/usr/bin/make -f Makefile cmTC_85032/fast && /Applications/Xcode.app/Contents/Developer/usr/bin/make  -f CMakeFiles/cmTC_85032.dir/build.make CMakeFiles/cmTC_85032.dir/build
Building C object CMakeFiles/cmTC_85032.dir/HAVE_SYS_UTIME_H.c.o
/Applications/Xcode.app/Contents/Developer/Toolchains/XcodeDefault.xctoolchain/usr/bin/cc  -I/opt/local/libexec/openssl3/include -I/opt/local/include -I/opt/homebrew/include -arch arm64 -isysroot /Applications/Xcode.app/Contents/Developer/Platforms/MacOSX.platform/Developer/SDKs/MacOSX12.3.sdk -mmacosx-version-min=12.0    -DLDAP_DEPRECATED=1 -MD -MT CMakeFiles/cmTC_85032.dir/HAVE_SYS_UTIME_H.c.o -MF CMakeFiles/cmTC_85032.dir/HAVE_SYS_UTIME_H.c.o.d -o CMakeFiles/cmTC_85032.dir/HAVE_SYS_UTIME_H.c.o -c /Users/f/Desktop/b/server_c/CMakeFiles/CheckIncludeFiles/HAVE_SYS_UTIME_H.c
/Users/f/Desktop/b/server_c/CMakeFiles/CheckIncludeFiles/HAVE_SYS_UTIME_H.c:21:10: fatal error: 'sys/utime.h' file not found
#include <sys/utime.h>
         ^~~~~~~~~~~~~
1 error generated.
make[1]: *** [CMakeFiles/cmTC_85032.dir/HAVE_SYS_UTIME_H.c.o] Error 1
make: *** [cmTC_85032/fast] Error 2


Source:
/* */
#include <ldap.h>
#include <lber.h>
#include </opt/local/include/libpsl.h>
#include </opt/homebrew/include/libssh2.h>
#include <stdio.h>
#include <inttypes.h>
#include <sys/filio.h>
#include <sys/ioctl.h>
#include <sys/param.h>
#include <sys/poll.h>
#include <sys/resource.h>
#include <sys/select.h>
#include <sys/socket.h>
#include <sys/sockio.h>
#include <sys/stat.h>
#include <sys/time.h>
#include <sys/types.h>
#include <sys/uio.h>
#include <sys/un.h>
#include <sys/utime.h>


int main(void){return 0;}

